Analysis & Synthesis report for DE1_SOC
Sun Feb 28 21:21:29 2016
Quartus Prime Version 15.1.0 Build 185 10/21/2015 SJ Lite Edition


---------------------
; Table of Contents ;
---------------------
  1. Legal Notice
  2. Analysis & Synthesis Summary
  3. Analysis & Synthesis Settings
  4. Parallel Compilation
  5. Analysis & Synthesis Source Files Read
  6. Analysis & Synthesis Resource Usage Summary
  7. Analysis & Synthesis Resource Utilization by Entity
  8. Analysis & Synthesis IP Cores Summary
  9. Registers Removed During Synthesis
 10. Removed Registers Triggering Further Register Optimizations
 11. General Register Statistics
 12. Multiplexer Restructuring Statistics (Restructuring Performed)
 13. Parameter Settings for User Entity Instance: VGA27PLL:c0|VGA27PLL_0002:vga27pll_inst|altera_pll:altera_pll_i
 14. Parameter Settings for User Entity Instance: vga_driver:v0
 15. Port Connectivity Checks: "vga_driver:v0"
 16. Port Connectivity Checks: "ColorScheme:col0"
 17. Post-Synthesis Netlist Statistics for Top Partition
 18. Elapsed Time Per Partition
 19. Analysis & Synthesis Messages



----------------
; Legal Notice ;
----------------
Copyright (C) 1991-2015 Altera Corporation. All rights reserved.
Your use of Altera Corporation's design tools, logic functions 
and other software and tools, and its AMPP partner logic 
functions, and any output files from any of the foregoing 
(including device programming or simulation files), and any 
associated documentation or information are expressly subject 
to the terms and conditions of the Altera Program License 
Subscription Agreement, the Altera Quartus Prime License Agreement,
the Altera MegaCore Function License Agreement, or other 
applicable license agreement, including, without limitation, 
that your use is for the sole purpose of programming logic 
devices manufactured by Altera and sold by Altera or its 
authorized distributors.  Please refer to the applicable 
agreement for further details.



+-------------------------------------------------------------------------------+
; Analysis & Synthesis Summary                                                  ;
+---------------------------------+---------------------------------------------+
; Analysis & Synthesis Status     ; Successful - Sun Feb 28 21:21:29 2016       ;
; Quartus Prime Version           ; 15.1.0 Build 185 10/21/2015 SJ Lite Edition ;
; Revision Name                   ; DE1_SOC                                     ;
; Top-level Entity Name           ; DE1_SOC                                     ;
; Family                          ; Cyclone V                                   ;
; Logic utilization (in ALMs)     ; N/A                                         ;
; Total registers                 ; 84                                          ;
; Total pins                      ; 168                                         ;
; Total virtual pins              ; 0                                           ;
; Total block memory bits         ; 0                                           ;
; Total DSP Blocks                ; 0                                           ;
; Total HSSI RX PCSs              ; 0                                           ;
; Total HSSI PMA RX Deserializers ; 0                                           ;
; Total HSSI TX PCSs              ; 0                                           ;
; Total HSSI PMA TX Serializers   ; 0                                           ;
; Total PLLs                      ; 1                                           ;
; Total DLLs                      ; 0                                           ;
+---------------------------------+---------------------------------------------+


+---------------------------------------------------------------------------------------------------------------------------+
; Analysis & Synthesis Settings                                                                                             ;
+---------------------------------------------------------------------------------+--------------------+--------------------+
; Option                                                                          ; Setting            ; Default Value      ;
+---------------------------------------------------------------------------------+--------------------+--------------------+
; Device                                                                          ; 5CSEMA5F31C6       ;                    ;
; Top-level entity name                                                           ; DE1_SOC            ; DE1_SOC            ;
; Family name                                                                     ; Cyclone V          ; Cyclone V          ;
; Use smart compilation                                                           ; Off                ; Off                ;
; Enable parallel Assembler and TimeQuest Timing Analyzer during compilation      ; On                 ; On                 ;
; Enable compact report table                                                     ; Off                ; Off                ;
; Restructure Multiplexers                                                        ; Auto               ; Auto               ;
; MLAB Add Timing Constraints For Mixed-Port Feed-Through Mode Setting Don't Care ; Off                ; Off                ;
; Create Debugging Nodes for IP Cores                                             ; Off                ; Off                ;
; Preserve fewer node names                                                       ; On                 ; On                 ;
; Disable OpenCore Plus hardware evaluation                                       ; Off                ; Off                ;
; Verilog Version                                                                 ; Verilog_2001       ; Verilog_2001       ;
; VHDL Version                                                                    ; VHDL_1993          ; VHDL_1993          ;
; State Machine Processing                                                        ; Auto               ; Auto               ;
; Safe State Machine                                                              ; Off                ; Off                ;
; Extract Verilog State Machines                                                  ; On                 ; On                 ;
; Extract VHDL State Machines                                                     ; On                 ; On                 ;
; Ignore Verilog initial constructs                                               ; Off                ; Off                ;
; Iteration limit for constant Verilog loops                                      ; 5000               ; 5000               ;
; Iteration limit for non-constant Verilog loops                                  ; 250                ; 250                ;
; Add Pass-Through Logic to Inferred RAMs                                         ; On                 ; On                 ;
; Infer RAMs from Raw Logic                                                       ; On                 ; On                 ;
; Parallel Synthesis                                                              ; On                 ; On                 ;
; DSP Block Balancing                                                             ; Auto               ; Auto               ;
; NOT Gate Push-Back                                                              ; On                 ; On                 ;
; Power-Up Don't Care                                                             ; On                 ; On                 ;
; Remove Redundant Logic Cells                                                    ; Off                ; Off                ;
; Remove Duplicate Registers                                                      ; On                 ; On                 ;
; Ignore CARRY Buffers                                                            ; Off                ; Off                ;
; Ignore CASCADE Buffers                                                          ; Off                ; Off                ;
; Ignore GLOBAL Buffers                                                           ; Off                ; Off                ;
; Ignore ROW GLOBAL Buffers                                                       ; Off                ; Off                ;
; Ignore LCELL Buffers                                                            ; Off                ; Off                ;
; Ignore SOFT Buffers                                                             ; On                 ; On                 ;
; Limit AHDL Integers to 32 Bits                                                  ; Off                ; Off                ;
; Optimization Technique                                                          ; Balanced           ; Balanced           ;
; Carry Chain Length                                                              ; 70                 ; 70                 ;
; Auto Carry Chains                                                               ; On                 ; On                 ;
; Auto Open-Drain Pins                                                            ; On                 ; On                 ;
; Perform WYSIWYG Primitive Resynthesis                                           ; Off                ; Off                ;
; Auto ROM Replacement                                                            ; On                 ; On                 ;
; Auto RAM Replacement                                                            ; On                 ; On                 ;
; Auto DSP Block Replacement                                                      ; On                 ; On                 ;
; Auto Shift Register Replacement                                                 ; Auto               ; Auto               ;
; Allow Shift Register Merging across Hierarchies                                 ; Auto               ; Auto               ;
; Auto Clock Enable Replacement                                                   ; On                 ; On                 ;
; Strict RAM Replacement                                                          ; Off                ; Off                ;
; Allow Synchronous Control Signals                                               ; On                 ; On                 ;
; Force Use of Synchronous Clear Signals                                          ; Off                ; Off                ;
; Auto Resource Sharing                                                           ; Off                ; Off                ;
; Allow Any RAM Size For Recognition                                              ; Off                ; Off                ;
; Allow Any ROM Size For Recognition                                              ; Off                ; Off                ;
; Allow Any Shift Register Size For Recognition                                   ; Off                ; Off                ;
; Use LogicLock Constraints during Resource Balancing                             ; On                 ; On                 ;
; Ignore translate_off and synthesis_off directives                               ; Off                ; Off                ;
; Timing-Driven Synthesis                                                         ; On                 ; On                 ;
; Report Parameter Settings                                                       ; On                 ; On                 ;
; Report Source Assignments                                                       ; On                 ; On                 ;
; Report Connectivity Checks                                                      ; On                 ; On                 ;
; Ignore Maximum Fan-Out Assignments                                              ; Off                ; Off                ;
; Synchronization Register Chain Length                                           ; 3                  ; 3                  ;
; PowerPlay Power Optimization During Synthesis                                   ; Normal compilation ; Normal compilation ;
; HDL message level                                                               ; Level2             ; Level2             ;
; Suppress Register Optimization Related Messages                                 ; Off                ; Off                ;
; Number of Removed Registers Reported in Synthesis Report                        ; 5000               ; 5000               ;
; Number of Swept Nodes Reported in Synthesis Report                              ; 5000               ; 5000               ;
; Number of Inverted Registers Reported in Synthesis Report                       ; 100                ; 100                ;
; Clock MUX Protection                                                            ; On                 ; On                 ;
; Auto Gated Clock Conversion                                                     ; Off                ; Off                ;
; Block Design Naming                                                             ; Auto               ; Auto               ;
; SDC constraint protection                                                       ; Off                ; Off                ;
; Synthesis Effort                                                                ; Auto               ; Auto               ;
; Shift Register Replacement - Allow Asynchronous Clear Signal                    ; On                 ; On                 ;
; Pre-Mapping Resynthesis Optimization                                            ; Off                ; Off                ;
; Analysis & Synthesis Message Level                                              ; Medium             ; Medium             ;
; Disable Register Merging Across Hierarchies                                     ; Auto               ; Auto               ;
; Resource Aware Inference For Block RAM                                          ; On                 ; On                 ;
; Synthesis Seed                                                                  ; 1                  ; 1                  ;
; Automatic Parallel Synthesis                                                    ; On                 ; On                 ;
; Partial Reconfiguration Bitstream ID                                            ; Off                ; Off                ;
+---------------------------------------------------------------------------------+--------------------+--------------------+


Parallel compilation was disabled, but you have multiple processors available. Enable parallel compilation to reduce compilation time.
+-------------------------------------+
; Parallel Compilation                ;
+----------------------------+--------+
; Processors                 ; Number ;
+----------------------------+--------+
; Number detected on machine ; 2      ;
; Maximum allowed            ; 1      ;
+----------------------------+--------+


+----------------------------------------------------------------------------------------------------------------------------------------------------------------------------+
; Analysis & Synthesis Source Files Read                                                                                                                                     ;
+----------------------------------+-----------------+------------------------------+-----------------------------------------------------------------------------+----------+
; File Name with User-Entered Path ; Used in Netlist ; File Type                    ; File Name with Absolute Path                                                ; Library  ;
+----------------------------------+-----------------+------------------------------+-----------------------------------------------------------------------------+----------+
; cookbook/80CharsBrownFox.v       ; yes             ; User Verilog HDL File        ; /home/quartus/Projects/Brew/VGABrew/cookbook/80CharsBrownFox.v              ;          ;
; cookbook/8x8FontRom.v            ; yes             ; User Verilog HDL File        ; /home/quartus/Projects/Brew/VGABrew/cookbook/8x8FontRom.v                   ;          ;
; cookbook/vga_driver.v            ; yes             ; User Verilog HDL File        ; /home/quartus/Projects/Brew/VGABrew/cookbook/vga_driver.v                   ;          ;
; VGA27PLL.v                       ; yes             ; User Wizard-Generated File   ; /home/quartus/Projects/Brew/VGABrew/VGA27PLL.v                              ; VGA27PLL ;
; VGA27PLL/VGA27PLL_0002.v         ; yes             ; User Verilog HDL File        ; /home/quartus/Projects/Brew/VGABrew/VGA27PLL/VGA27PLL_0002.v                ; VGA27PLL ;
; ColorScheme.v                    ; yes             ; User Verilog HDL File        ; /home/quartus/Projects/Brew/VGABrew/ColorScheme.v                           ;          ;
; Serializer.v                     ; yes             ; User Verilog HDL File        ; /home/quartus/Projects/Brew/VGABrew/Serializer.v                            ;          ;
; DE1_SOC.v                        ; yes             ; Auto-Found Verilog HDL File  ; /home/quartus/Projects/Brew/VGABrew/DE1_SOC.v                               ;          ;
; altera_pll.v                     ; yes             ; Megafunction                 ; /home/quartus/altera_lite/15.1/quartus/libraries/megafunctions/altera_pll.v ;          ;
+----------------------------------+-----------------+------------------------------+-----------------------------------------------------------------------------+----------+


+------------------------------------------------------------------------------------------------------------------------------+
; Analysis & Synthesis Resource Usage Summary                                                                                  ;
+---------------------------------------------+--------------------------------------------------------------------------------+
; Resource                                    ; Usage                                                                          ;
+---------------------------------------------+--------------------------------------------------------------------------------+
; Estimate of Logic utilization (ALMs needed) ; 134                                                                            ;
;                                             ;                                                                                ;
; Combinational ALUT usage for logic          ; 173                                                                            ;
;     -- 7 input functions                    ; 4                                                                              ;
;     -- 6 input functions                    ; 88                                                                             ;
;     -- 5 input functions                    ; 11                                                                             ;
;     -- 4 input functions                    ; 9                                                                              ;
;     -- <=3 input functions                  ; 61                                                                             ;
;                                             ;                                                                                ;
; Dedicated logic registers                   ; 84                                                                             ;
;                                             ;                                                                                ;
; I/O pins                                    ; 168                                                                            ;
;                                             ;                                                                                ;
; Total DSP Blocks                            ; 0                                                                              ;
;                                             ;                                                                                ;
; Total PLLs                                  ; 1                                                                              ;
;     -- PLLs                                 ; 1                                                                              ;
;                                             ;                                                                                ;
; Maximum fan-out node                        ; VGA27PLL:c0|VGA27PLL_0002:vga27pll_inst|altera_pll:altera_pll_i|outclk_wire[0] ;
; Maximum fan-out                             ; 86                                                                             ;
; Total fan-out                               ; 1202                                                                           ;
; Average fan-out                             ; 1.94                                                                           ;
+---------------------------------------------+--------------------------------------------------------------------------------+


+-------------------------------------------------------------------------------------------------------------------------------------------------------------------------------------------------------------------------+
; Analysis & Synthesis Resource Utilization by Entity                                                                                                                                                                     ;
+-------------------------------------+-------------------+--------------+-------------------+------------+------+--------------+--------------------------------------------------------------------------+--------------+
; Compilation Hierarchy Node          ; LC Combinationals ; LC Registers ; Block Memory Bits ; DSP Blocks ; Pins ; Virtual Pins ; Full Hierarchy Name                                                      ; Library Name ;
+-------------------------------------+-------------------+--------------+-------------------+------------+------+--------------+--------------------------------------------------------------------------+--------------+
; |DE1_SOC                            ; 173 (0)           ; 84 (0)       ; 0                 ; 0          ; 168  ; 0            ; |DE1_SOC                                                                 ; work         ;
;    |ColorScheme:col0|               ; 7 (7)             ; 9 (9)        ; 0                 ; 0          ; 0    ; 0            ; |DE1_SOC|ColorScheme:col0                                                ; work         ;
;    |Rom_80Chars:rr0|                ; 21 (21)           ; 14 (14)      ; 0                 ; 0          ; 0    ; 0            ; |DE1_SOC|Rom_80Chars:rr0                                                 ; work         ;
;    |Serializer:ser0|                ; 8 (8)             ; 9 (9)        ; 0                 ; 0          ; 0    ; 0            ; |DE1_SOC|Serializer:ser0                                                 ; work         ;
;    |VGA27PLL:c0|                    ; 0 (0)             ; 0 (0)        ; 0                 ; 0          ; 0    ; 0            ; |DE1_SOC|VGA27PLL:c0                                                     ; VGA27PLL     ;
;       |VGA27PLL_0002:vga27pll_inst| ; 0 (0)             ; 0 (0)        ; 0                 ; 0          ; 0    ; 0            ; |DE1_SOC|VGA27PLL:c0|VGA27PLL_0002:vga27pll_inst                         ; VGA27PLL     ;
;          |altera_pll:altera_pll_i|  ; 0 (0)             ; 0 (0)        ; 0                 ; 0          ; 0    ; 0            ; |DE1_SOC|VGA27PLL:c0|VGA27PLL_0002:vga27pll_inst|altera_pll:altera_pll_i ; work         ;
;    |font_rom_8x8:fon0|              ; 85 (85)           ; 15 (15)      ; 0                 ; 0          ; 0    ; 0            ; |DE1_SOC|font_rom_8x8:fon0                                               ; work         ;
;    |vga_driver:v0|                  ; 52 (52)           ; 37 (37)      ; 0                 ; 0          ; 0    ; 0            ; |DE1_SOC|vga_driver:v0                                                   ; work         ;
+-------------------------------------+-------------------+--------------+-------------------+------------+------+--------------+--------------------------------------------------------------------------+--------------+
Note: For table entries with two numbers listed, the numbers in parentheses indicate the number of resources of the given type used by the specific entity alone. The numbers listed outside of parentheses indicate the total resources of the given type used by the specific entity and all of its sub-entities in the hierarchy.


+--------------------------------------------------------------------------------------------------------+
; Analysis & Synthesis IP Cores Summary                                                                  ;
+--------+--------------+---------+--------------+--------------+----------------------+-----------------+
; Vendor ; IP Core Name ; Version ; Release Date ; License Type ; Entity Instance      ; IP Include File ;
+--------+--------------+---------+--------------+--------------+----------------------+-----------------+
; Altera ; altera_pll   ; 15.1    ; N/A          ; N/A          ; |DE1_SOC|VGA27PLL:c0 ; VGA27PLL.v      ;
+--------+--------------+---------+--------------+--------------+----------------------+-----------------+


+---------------------------------------------------------------------------------+
; Registers Removed During Synthesis                                              ;
+----------------------------------------+----------------------------------------+
; Register name                          ; Reason for Removal                     ;
+----------------------------------------+----------------------------------------+
; font_rom_8x8:fon0|out[5..7]            ; Stuck at GND due to stuck port data_in ;
; Serializer:ser0|mask[5..7]             ; Lost fanout                            ;
; ColorScheme:col0|BtoVGA[3,4]           ; Stuck at GND due to stuck port data_in ;
; ColorScheme:col0|BtoVGA[5,6]           ; Stuck at VCC due to stuck port data_in ;
; ColorScheme:col0|GtoVGA[0..4]          ; Stuck at GND due to stuck port data_in ;
; ColorScheme:col0|RtoVGA[0..4]          ; Stuck at GND due to stuck port data_in ;
; ColorScheme:col0|BtoVGA[0]             ; Stuck at GND due to stuck port data_in ;
; vga_driver:v0|current_y[3..9]          ; Lost fanout                            ;
; Total Number of Removed Registers = 28 ;                                        ;
+----------------------------------------+----------------------------------------+


+----------------------------------------------------------------------------------------------------------------------------------------------+
; Removed Registers Triggering Further Register Optimizations                                                                                  ;
+----------------------------+---------------------------+-------------------------------------------------------------------------------------+
; Register name              ; Reason for Removal        ; Registers Removed due to This Register                                              ;
+----------------------------+---------------------------+-------------------------------------------------------------------------------------+
; vga_driver:v0|current_y[9] ; Lost Fanouts              ; vga_driver:v0|current_y[8], vga_driver:v0|current_y[7], vga_driver:v0|current_y[6], ;
;                            ;                           ; vga_driver:v0|current_y[5], vga_driver:v0|current_y[4], vga_driver:v0|current_y[3]  ;
; font_rom_8x8:fon0|out[5]   ; Stuck at GND              ; Serializer:ser0|mask[5], Serializer:ser0|mask[6], Serializer:ser0|mask[7]           ;
;                            ; due to stuck port data_in ;                                                                                     ;
+----------------------------+---------------------------+-------------------------------------------------------------------------------------+


+------------------------------------------------------+
; General Register Statistics                          ;
+----------------------------------------------+-------+
; Statistic                                    ; Value ;
+----------------------------------------------+-------+
; Total registers                              ; 84    ;
; Number of registers using Synchronous Clear  ; 33    ;
; Number of registers using Synchronous Load   ; 0     ;
; Number of registers using Asynchronous Clear ; 0     ;
; Number of registers using Asynchronous Load  ; 0     ;
; Number of registers using Clock Enable       ; 15    ;
; Number of registers using Preset             ; 0     ;
+----------------------------------------------+-------+


+---------------------------------------------------------------------------------------------------------------------------------------------------+
; Multiplexer Restructuring Statistics (Restructuring Performed)                                                                                    ;
+--------------------+-----------+---------------+----------------------+------------------------+------------+-------------------------------------+
; Multiplexer Inputs ; Bus Width ; Baseline Area ; Area if Restructured ; Saving if Restructured ; Registered ; Example Multiplexer Output          ;
+--------------------+-----------+---------------+----------------------+------------------------+------------+-------------------------------------+
; 3:1                ; 20 bits   ; 40 LEs        ; 0 LEs                ; 40 LEs                 ; Yes        ; |DE1_SOC|vga_driver:v0|h_cntr[7]    ;
; 4:1                ; 20 bits   ; 40 LEs        ; 0 LEs                ; 40 LEs                 ; Yes        ; |DE1_SOC|vga_driver:v0|current_y[6] ;
+--------------------+-----------+---------------+----------------------+------------------------+------------+-------------------------------------+


+--------------------------------------------------------------------------------------------------------------+
; Parameter Settings for User Entity Instance: VGA27PLL:c0|VGA27PLL_0002:vga27pll_inst|altera_pll:altera_pll_i ;
+--------------------------------------+------------------------+----------------------------------------------+
; Parameter Name                       ; Value                  ; Type                                         ;
+--------------------------------------+------------------------+----------------------------------------------+
; reference_clock_frequency            ; 50.0 MHz               ; String                                       ;
; fractional_vco_multiplier            ; false                  ; String                                       ;
; pll_type                             ; General                ; String                                       ;
; pll_subtype                          ; General                ; String                                       ;
; number_of_clocks                     ; 1                      ; Signed Integer                               ;
; operation_mode                       ; direct                 ; String                                       ;
; deserialization_factor               ; 4                      ; Signed Integer                               ;
; data_rate                            ; 0                      ; Signed Integer                               ;
; sim_additional_refclk_cycles_to_lock ; 0                      ; Signed Integer                               ;
; output_clock_frequency0              ; 27.000000 MHz          ; String                                       ;
; phase_shift0                         ; 0 ps                   ; String                                       ;
; duty_cycle0                          ; 50                     ; Signed Integer                               ;
; output_clock_frequency1              ; 0 MHz                  ; String                                       ;
; phase_shift1                         ; 0 ps                   ; String                                       ;
; duty_cycle1                          ; 50                     ; Signed Integer                               ;
; output_clock_frequency2              ; 0 MHz                  ; String                                       ;
; phase_shift2                         ; 0 ps                   ; String                                       ;
; duty_cycle2                          ; 50                     ; Signed Integer                               ;
; output_clock_frequency3              ; 0 MHz                  ; String                                       ;
; phase_shift3                         ; 0 ps                   ; String                                       ;
; duty_cycle3                          ; 50                     ; Signed Integer                               ;
; output_clock_frequency4              ; 0 MHz                  ; String                                       ;
; phase_shift4                         ; 0 ps                   ; String                                       ;
; duty_cycle4                          ; 50                     ; Signed Integer                               ;
; output_clock_frequency5              ; 0 MHz                  ; String                                       ;
; phase_shift5                         ; 0 ps                   ; String                                       ;
; duty_cycle5                          ; 50                     ; Signed Integer                               ;
; output_clock_frequency6              ; 0 MHz                  ; String                                       ;
; phase_shift6                         ; 0 ps                   ; String                                       ;
; duty_cycle6                          ; 50                     ; Signed Integer                               ;
; output_clock_frequency7              ; 0 MHz                  ; String                                       ;
; phase_shift7                         ; 0 ps                   ; String                                       ;
; duty_cycle7                          ; 50                     ; Signed Integer                               ;
; output_clock_frequency8              ; 0 MHz                  ; String                                       ;
; phase_shift8                         ; 0 ps                   ; String                                       ;
; duty_cycle8                          ; 50                     ; Signed Integer                               ;
; output_clock_frequency9              ; 0 MHz                  ; String                                       ;
; phase_shift9                         ; 0 ps                   ; String                                       ;
; duty_cycle9                          ; 50                     ; Signed Integer                               ;
; output_clock_frequency10             ; 0 MHz                  ; String                                       ;
; phase_shift10                        ; 0 ps                   ; String                                       ;
; duty_cycle10                         ; 50                     ; Signed Integer                               ;
; output_clock_frequency11             ; 0 MHz                  ; String                                       ;
; phase_shift11                        ; 0 ps                   ; String                                       ;
; duty_cycle11                         ; 50                     ; Signed Integer                               ;
; output_clock_frequency12             ; 0 MHz                  ; String                                       ;
; phase_shift12                        ; 0 ps                   ; String                                       ;
; duty_cycle12                         ; 50                     ; Signed Integer                               ;
; output_clock_frequency13             ; 0 MHz                  ; String                                       ;
; phase_shift13                        ; 0 ps                   ; String                                       ;
; duty_cycle13                         ; 50                     ; Signed Integer                               ;
; output_clock_frequency14             ; 0 MHz                  ; String                                       ;
; phase_shift14                        ; 0 ps                   ; String                                       ;
; duty_cycle14                         ; 50                     ; Signed Integer                               ;
; output_clock_frequency15             ; 0 MHz                  ; String                                       ;
; phase_shift15                        ; 0 ps                   ; String                                       ;
; duty_cycle15                         ; 50                     ; Signed Integer                               ;
; output_clock_frequency16             ; 0 MHz                  ; String                                       ;
; phase_shift16                        ; 0 ps                   ; String                                       ;
; duty_cycle16                         ; 50                     ; Signed Integer                               ;
; output_clock_frequency17             ; 0 MHz                  ; String                                       ;
; phase_shift17                        ; 0 ps                   ; String                                       ;
; duty_cycle17                         ; 50                     ; Signed Integer                               ;
; clock_name_0                         ;                        ; String                                       ;
; clock_name_1                         ;                        ; String                                       ;
; clock_name_2                         ;                        ; String                                       ;
; clock_name_3                         ;                        ; String                                       ;
; clock_name_4                         ;                        ; String                                       ;
; clock_name_5                         ;                        ; String                                       ;
; clock_name_6                         ;                        ; String                                       ;
; clock_name_7                         ;                        ; String                                       ;
; clock_name_8                         ;                        ; String                                       ;
; clock_name_global_0                  ; false                  ; String                                       ;
; clock_name_global_1                  ; false                  ; String                                       ;
; clock_name_global_2                  ; false                  ; String                                       ;
; clock_name_global_3                  ; false                  ; String                                       ;
; clock_name_global_4                  ; false                  ; String                                       ;
; clock_name_global_5                  ; false                  ; String                                       ;
; clock_name_global_6                  ; false                  ; String                                       ;
; clock_name_global_7                  ; false                  ; String                                       ;
; clock_name_global_8                  ; false                  ; String                                       ;
; m_cnt_hi_div                         ; 1                      ; Signed Integer                               ;
; m_cnt_lo_div                         ; 1                      ; Signed Integer                               ;
; m_cnt_bypass_en                      ; false                  ; String                                       ;
; m_cnt_odd_div_duty_en                ; false                  ; String                                       ;
; n_cnt_hi_div                         ; 1                      ; Signed Integer                               ;
; n_cnt_lo_div                         ; 1                      ; Signed Integer                               ;
; n_cnt_bypass_en                      ; false                  ; String                                       ;
; n_cnt_odd_div_duty_en                ; false                  ; String                                       ;
; c_cnt_hi_div0                        ; 1                      ; Signed Integer                               ;
; c_cnt_lo_div0                        ; 1                      ; Signed Integer                               ;
; c_cnt_bypass_en0                     ; false                  ; String                                       ;
; c_cnt_in_src0                        ; ph_mux_clk             ; String                                       ;
; c_cnt_odd_div_duty_en0               ; false                  ; String                                       ;
; c_cnt_prst0                          ; 1                      ; Signed Integer                               ;
; c_cnt_ph_mux_prst0                   ; 0                      ; Signed Integer                               ;
; c_cnt_hi_div1                        ; 1                      ; Signed Integer                               ;
; c_cnt_lo_div1                        ; 1                      ; Signed Integer                               ;
; c_cnt_bypass_en1                     ; false                  ; String                                       ;
; c_cnt_in_src1                        ; ph_mux_clk             ; String                                       ;
; c_cnt_odd_div_duty_en1               ; false                  ; String                                       ;
; c_cnt_prst1                          ; 1                      ; Signed Integer                               ;
; c_cnt_ph_mux_prst1                   ; 0                      ; Signed Integer                               ;
; c_cnt_hi_div2                        ; 1                      ; Signed Integer                               ;
; c_cnt_lo_div2                        ; 1                      ; Signed Integer                               ;
; c_cnt_bypass_en2                     ; false                  ; String                                       ;
; c_cnt_in_src2                        ; ph_mux_clk             ; String                                       ;
; c_cnt_odd_div_duty_en2               ; false                  ; String                                       ;
; c_cnt_prst2                          ; 1                      ; Signed Integer                               ;
; c_cnt_ph_mux_prst2                   ; 0                      ; Signed Integer                               ;
; c_cnt_hi_div3                        ; 1                      ; Signed Integer                               ;
; c_cnt_lo_div3                        ; 1                      ; Signed Integer                               ;
; c_cnt_bypass_en3                     ; false                  ; String                                       ;
; c_cnt_in_src3                        ; ph_mux_clk             ; String                                       ;
; c_cnt_odd_div_duty_en3               ; false                  ; String                                       ;
; c_cnt_prst3                          ; 1                      ; Signed Integer                               ;
; c_cnt_ph_mux_prst3                   ; 0                      ; Signed Integer                               ;
; c_cnt_hi_div4                        ; 1                      ; Signed Integer                               ;
; c_cnt_lo_div4                        ; 1                      ; Signed Integer                               ;
; c_cnt_bypass_en4                     ; false                  ; String                                       ;
; c_cnt_in_src4                        ; ph_mux_clk             ; String                                       ;
; c_cnt_odd_div_duty_en4               ; false                  ; String                                       ;
; c_cnt_prst4                          ; 1                      ; Signed Integer                               ;
; c_cnt_ph_mux_prst4                   ; 0                      ; Signed Integer                               ;
; c_cnt_hi_div5                        ; 1                      ; Signed Integer                               ;
; c_cnt_lo_div5                        ; 1                      ; Signed Integer                               ;
; c_cnt_bypass_en5                     ; false                  ; String                                       ;
; c_cnt_in_src5                        ; ph_mux_clk             ; String                                       ;
; c_cnt_odd_div_duty_en5               ; false                  ; String                                       ;
; c_cnt_prst5                          ; 1                      ; Signed Integer                               ;
; c_cnt_ph_mux_prst5                   ; 0                      ; Signed Integer                               ;
; c_cnt_hi_div6                        ; 1                      ; Signed Integer                               ;
; c_cnt_lo_div6                        ; 1                      ; Signed Integer                               ;
; c_cnt_bypass_en6                     ; false                  ; String                                       ;
; c_cnt_in_src6                        ; ph_mux_clk             ; String                                       ;
; c_cnt_odd_div_duty_en6               ; false                  ; String                                       ;
; c_cnt_prst6                          ; 1                      ; Signed Integer                               ;
; c_cnt_ph_mux_prst6                   ; 0                      ; Signed Integer                               ;
; c_cnt_hi_div7                        ; 1                      ; Signed Integer                               ;
; c_cnt_lo_div7                        ; 1                      ; Signed Integer                               ;
; c_cnt_bypass_en7                     ; false                  ; String                                       ;
; c_cnt_in_src7                        ; ph_mux_clk             ; String                                       ;
; c_cnt_odd_div_duty_en7               ; false                  ; String                                       ;
; c_cnt_prst7                          ; 1                      ; Signed Integer                               ;
; c_cnt_ph_mux_prst7                   ; 0                      ; Signed Integer                               ;
; c_cnt_hi_div8                        ; 1                      ; Signed Integer                               ;
; c_cnt_lo_div8                        ; 1                      ; Signed Integer                               ;
; c_cnt_bypass_en8                     ; false                  ; String                                       ;
; c_cnt_in_src8                        ; ph_mux_clk             ; String                                       ;
; c_cnt_odd_div_duty_en8               ; false                  ; String                                       ;
; c_cnt_prst8                          ; 1                      ; Signed Integer                               ;
; c_cnt_ph_mux_prst8                   ; 0                      ; Signed Integer                               ;
; c_cnt_hi_div9                        ; 1                      ; Signed Integer                               ;
; c_cnt_lo_div9                        ; 1                      ; Signed Integer                               ;
; c_cnt_bypass_en9                     ; false                  ; String                                       ;
; c_cnt_in_src9                        ; ph_mux_clk             ; String                                       ;
; c_cnt_odd_div_duty_en9               ; false                  ; String                                       ;
; c_cnt_prst9                          ; 1                      ; Signed Integer                               ;
; c_cnt_ph_mux_prst9                   ; 0                      ; Signed Integer                               ;
; c_cnt_hi_div10                       ; 1                      ; Signed Integer                               ;
; c_cnt_lo_div10                       ; 1                      ; Signed Integer                               ;
; c_cnt_bypass_en10                    ; false                  ; String                                       ;
; c_cnt_in_src10                       ; ph_mux_clk             ; String                                       ;
; c_cnt_odd_div_duty_en10              ; false                  ; String                                       ;
; c_cnt_prst10                         ; 1                      ; Signed Integer                               ;
; c_cnt_ph_mux_prst10                  ; 0                      ; Signed Integer                               ;
; c_cnt_hi_div11                       ; 1                      ; Signed Integer                               ;
; c_cnt_lo_div11                       ; 1                      ; Signed Integer                               ;
; c_cnt_bypass_en11                    ; false                  ; String                                       ;
; c_cnt_in_src11                       ; ph_mux_clk             ; String                                       ;
; c_cnt_odd_div_duty_en11              ; false                  ; String                                       ;
; c_cnt_prst11                         ; 1                      ; Signed Integer                               ;
; c_cnt_ph_mux_prst11                  ; 0                      ; Signed Integer                               ;
; c_cnt_hi_div12                       ; 1                      ; Signed Integer                               ;
; c_cnt_lo_div12                       ; 1                      ; Signed Integer                               ;
; c_cnt_bypass_en12                    ; false                  ; String                                       ;
; c_cnt_in_src12                       ; ph_mux_clk             ; String                                       ;
; c_cnt_odd_div_duty_en12              ; false                  ; String                                       ;
; c_cnt_prst12                         ; 1                      ; Signed Integer                               ;
; c_cnt_ph_mux_prst12                  ; 0                      ; Signed Integer                               ;
; c_cnt_hi_div13                       ; 1                      ; Signed Integer                               ;
; c_cnt_lo_div13                       ; 1                      ; Signed Integer                               ;
; c_cnt_bypass_en13                    ; false                  ; String                                       ;
; c_cnt_in_src13                       ; ph_mux_clk             ; String                                       ;
; c_cnt_odd_div_duty_en13              ; false                  ; String                                       ;
; c_cnt_prst13                         ; 1                      ; Signed Integer                               ;
; c_cnt_ph_mux_prst13                  ; 0                      ; Signed Integer                               ;
; c_cnt_hi_div14                       ; 1                      ; Signed Integer                               ;
; c_cnt_lo_div14                       ; 1                      ; Signed Integer                               ;
; c_cnt_bypass_en14                    ; false                  ; String                                       ;
; c_cnt_in_src14                       ; ph_mux_clk             ; String                                       ;
; c_cnt_odd_div_duty_en14              ; false                  ; String                                       ;
; c_cnt_prst14                         ; 1                      ; Signed Integer                               ;
; c_cnt_ph_mux_prst14                  ; 0                      ; Signed Integer                               ;
; c_cnt_hi_div15                       ; 1                      ; Signed Integer                               ;
; c_cnt_lo_div15                       ; 1                      ; Signed Integer                               ;
; c_cnt_bypass_en15                    ; false                  ; String                                       ;
; c_cnt_in_src15                       ; ph_mux_clk             ; String                                       ;
; c_cnt_odd_div_duty_en15              ; false                  ; String                                       ;
; c_cnt_prst15                         ; 1                      ; Signed Integer                               ;
; c_cnt_ph_mux_prst15                  ; 0                      ; Signed Integer                               ;
; c_cnt_hi_div16                       ; 1                      ; Signed Integer                               ;
; c_cnt_lo_div16                       ; 1                      ; Signed Integer                               ;
; c_cnt_bypass_en16                    ; false                  ; String                                       ;
; c_cnt_in_src16                       ; ph_mux_clk             ; String                                       ;
; c_cnt_odd_div_duty_en16              ; false                  ; String                                       ;
; c_cnt_prst16                         ; 1                      ; Signed Integer                               ;
; c_cnt_ph_mux_prst16                  ; 0                      ; Signed Integer                               ;
; c_cnt_hi_div17                       ; 1                      ; Signed Integer                               ;
; c_cnt_lo_div17                       ; 1                      ; Signed Integer                               ;
; c_cnt_bypass_en17                    ; false                  ; String                                       ;
; c_cnt_in_src17                       ; ph_mux_clk             ; String                                       ;
; c_cnt_odd_div_duty_en17              ; false                  ; String                                       ;
; c_cnt_prst17                         ; 1                      ; Signed Integer                               ;
; c_cnt_ph_mux_prst17                  ; 0                      ; Signed Integer                               ;
; pll_vco_div                          ; 1                      ; Signed Integer                               ;
; pll_slf_rst                          ; false                  ; String                                       ;
; pll_bw_sel                           ; low                    ; String                                       ;
; pll_output_clk_frequency             ; 0 MHz                  ; String                                       ;
; pll_cp_current                       ; 0                      ; Signed Integer                               ;
; pll_bwctrl                           ; 0                      ; Signed Integer                               ;
; pll_fractional_division              ; 1                      ; Signed Integer                               ;
; pll_fractional_cout                  ; 24                     ; Signed Integer                               ;
; pll_dsm_out_sel                      ; 1st_order              ; String                                       ;
; mimic_fbclk_type                     ; gclk                   ; String                                       ;
; pll_fbclk_mux_1                      ; glb                    ; String                                       ;
; pll_fbclk_mux_2                      ; fb_1                   ; String                                       ;
; pll_m_cnt_in_src                     ; ph_mux_clk             ; String                                       ;
; pll_vcoph_div                        ; 1                      ; Signed Integer                               ;
; refclk1_frequency                    ; 0 MHz                  ; String                                       ;
; pll_clkin_0_src                      ; clk_0                  ; String                                       ;
; pll_clkin_1_src                      ; clk_0                  ; String                                       ;
; pll_clk_loss_sw_en                   ; false                  ; String                                       ;
; pll_auto_clk_sw_en                   ; false                  ; String                                       ;
; pll_manu_clk_sw_en                   ; false                  ; String                                       ;
; pll_clk_sw_dly                       ; 0                      ; Signed Integer                               ;
; pll_extclk_0_cnt_src                 ; pll_extclk_cnt_src_vss ; String                                       ;
; pll_extclk_1_cnt_src                 ; pll_extclk_cnt_src_vss ; String                                       ;
+--------------------------------------+------------------------+----------------------------------------------+
Note: In order to hide this table in the UI and the text report file, please set the "Show Parameter Settings in Synthesis Report" option in "Analysis and Synthesis Settings -> More Settings" to "Off".


+------------------------------------------------------------+
; Parameter Settings for User Entity Instance: vga_driver:v0 ;
+----------------+-------+-----------------------------------+
; Parameter Name ; Value ; Type                              ;
+----------------+-------+-----------------------------------+
; H_FRONT        ; 16    ; Signed Integer                    ;
; H_SYNC         ; 96    ; Signed Integer                    ;
; H_BACK         ; 48    ; Signed Integer                    ;
; H_ACT          ; 640   ; Signed Integer                    ;
; H_BLANK        ; 160   ; Signed Integer                    ;
; H_TOTAL        ; 800   ; Signed Integer                    ;
; V_FRONT        ; 11    ; Signed Integer                    ;
; V_SYNC         ; 2     ; Signed Integer                    ;
; V_BACK         ; 31    ; Signed Integer                    ;
; V_ACT          ; 480   ; Signed Integer                    ;
; V_BLANK        ; 44    ; Signed Integer                    ;
; V_TOTAL        ; 524   ; Signed Integer                    ;
+----------------+-------+-----------------------------------+
Note: In order to hide this table in the UI and the text report file, please set the "Show Parameter Settings in Synthesis Report" option in "Analysis and Synthesis Settings -> More Settings" to "Off".


+----------------------------------------------------------------------------------------------------------------------------------------------------------------------------------+
; Port Connectivity Checks: "vga_driver:v0"                                                                                                                                        ;
+-----------------+--------+----------+--------------------------------------------------------------------------------------------------------------------------------------------+
; Port            ; Type   ; Severity ; Details                                                                                                                                    ;
+-----------------+--------+----------+--------------------------------------------------------------------------------------------------------------------------------------------+
; r               ; Input  ; Warning  ; Input port expression (8 bits) is smaller than the input port (10 bits) it drives.  Extra input bit(s) "r[9..8]" will be connected to GND. ;
; g               ; Input  ; Warning  ; Input port expression (8 bits) is smaller than the input port (10 bits) it drives.  Extra input bit(s) "g[9..8]" will be connected to GND. ;
; b               ; Input  ; Warning  ; Input port expression (8 bits) is smaller than the input port (10 bits) it drives.  Extra input bit(s) "b[9..8]" will be connected to GND. ;
; current_y[9..3] ; Output ; Info     ; Connected to dangling logic. Logic that only feeds a dangling port will be removed.                                                        ;
; request         ; Output ; Info     ; Explicitly unconnected                                                                                                                     ;
; vga_r           ; Output ; Warning  ; Output or bidir port (10 bits) is wider than the port expression (8 bits) it drives; bit(s) "vga_r[9..8]" have no fanouts                  ;
; vga_g           ; Output ; Warning  ; Output or bidir port (10 bits) is wider than the port expression (8 bits) it drives; bit(s) "vga_g[9..8]" have no fanouts                  ;
; vga_b           ; Output ; Warning  ; Output or bidir port (10 bits) is wider than the port expression (8 bits) it drives; bit(s) "vga_b[9..8]" have no fanouts                  ;
+-----------------+--------+----------+--------------------------------------------------------------------------------------------------------------------------------------------+


+---------------------------------------------------+
; Port Connectivity Checks: "ColorScheme:col0"      ;
+-----------------+-------+----------+--------------+
; Port            ; Type  ; Severity ; Details      ;
+-----------------+-------+----------+--------------+
; foregnd[6..5]   ; Input ; Info     ; Stuck at VCC ;
; foregnd[2..1]   ; Input ; Info     ; Stuck at VCC ;
; foregnd[23..7]  ; Input ; Info     ; Stuck at GND ;
; foregnd[4..3]   ; Input ; Info     ; Stuck at GND ;
; foregnd[0]      ; Input ; Info     ; Stuck at GND ;
; backgnd[23..21] ; Input ; Info     ; Stuck at VCC ;
; backgnd[15..13] ; Input ; Info     ; Stuck at VCC ;
; backgnd[7..5]   ; Input ; Info     ; Stuck at VCC ;
; backgnd[20..16] ; Input ; Info     ; Stuck at GND ;
; backgnd[12..8]  ; Input ; Info     ; Stuck at GND ;
; backgnd[4..0]   ; Input ; Info     ; Stuck at GND ;
+-----------------+-------+----------+--------------+


+-----------------------------------------------------+
; Post-Synthesis Netlist Statistics for Top Partition ;
+-----------------------+-----------------------------+
; Type                  ; Count                       ;
+-----------------------+-----------------------------+
; arriav_ff             ; 84                          ;
;     ENA               ; 2                           ;
;     ENA SCLR          ; 13                          ;
;     SCLR              ; 20                          ;
;     plain             ; 49                          ;
; arriav_io_obuf        ; 25                          ;
; arriav_lcell_comb     ; 176                         ;
;     arith             ; 33                          ;
;         1 data inputs ; 31                          ;
;         2 data inputs ; 2                           ;
;     extend            ; 4                           ;
;         7 data inputs ; 4                           ;
;     normal            ; 139                         ;
;         0 data inputs ; 2                           ;
;         1 data inputs ; 8                           ;
;         2 data inputs ; 4                           ;
;         3 data inputs ; 17                          ;
;         4 data inputs ; 9                           ;
;         5 data inputs ; 11                          ;
;         6 data inputs ; 88                          ;
; boundary_port         ; 168                         ;
; generic_pll           ; 1                           ;
;                       ;                             ;
; Max LUT depth         ; 3.00                        ;
; Average LUT depth     ; 1.93                        ;
+-----------------------+-----------------------------+


+-------------------------------+
; Elapsed Time Per Partition    ;
+----------------+--------------+
; Partition Name ; Elapsed Time ;
+----------------+--------------+
; Top            ; 00:00:02     ;
+----------------+--------------+


+-------------------------------+
; Analysis & Synthesis Messages ;
+-------------------------------+
Info: *******************************************************************
Info: Running Quartus Prime Analysis & Synthesis
    Info: Version 15.1.0 Build 185 10/21/2015 SJ Lite Edition
    Info: Processing started: Sun Feb 28 21:20:55 2016
Info: Command: quartus_map --read_settings_files=on --write_settings_files=off DE1_SOC -c DE1_SOC
Warning (20028): Parallel compilation is not licensed and has been disabled
Info (12021): Found 1 design units, including 1 entities, in source file cookbook/80CharsBrownFox.v
    Info (12023): Found entity 1: Rom_80Chars File: /home/quartus/Projects/Brew/VGABrew/cookbook/80CharsBrownFox.v Line: 1
Info (12021): Found 1 design units, including 1 entities, in source file cookbook/8x8FontRom.v
    Info (12023): Found entity 1: font_rom_8x8 File: /home/quartus/Projects/Brew/VGABrew/cookbook/8x8FontRom.v Line: 1
Info (12021): Found 1 design units, including 1 entities, in source file cookbook/vga_driver.v
    Info (12023): Found entity 1: vga_driver File: /home/quartus/Projects/Brew/VGABrew/cookbook/vga_driver.v Line: 25
Info (12021): Found 1 design units, including 1 entities, in source file VGA27PLL.v
    Info (12023): Found entity 1: VGA27PLL File: /home/quartus/Projects/Brew/VGABrew/VGA27PLL.v Line: 8
Info (12021): Found 1 design units, including 1 entities, in source file VGA27PLL/VGA27PLL_0002.v
    Info (12023): Found entity 1: VGA27PLL_0002 File: /home/quartus/Projects/Brew/VGABrew/VGA27PLL/VGA27PLL_0002.v Line: 2
Info (12021): Found 1 design units, including 1 entities, in source file ColorScheme.v
    Info (12023): Found entity 1: ColorScheme File: /home/quartus/Projects/Brew/VGABrew/ColorScheme.v Line: 1
Info (12021): Found 1 design units, including 1 entities, in source file Serializer.v
    Info (12023): Found entity 1: Serializer File: /home/quartus/Projects/Brew/VGABrew/Serializer.v Line: 1
Warning (10275): Verilog HDL Module Instantiation warning at DE1_SOC.v(129): ignored dangling comma in List of Port Connections File: /home/quartus/Projects/Brew/VGABrew/DE1_SOC.v Line: 129
Warning (10275): Verilog HDL Module Instantiation warning at DE1_SOC.v(139): ignored dangling comma in List of Port Connections File: /home/quartus/Projects/Brew/VGABrew/DE1_SOC.v Line: 139
Warning (12125): Using design file DE1_SOC.v, which is not specified as a design file for the current project, but contains definitions for 1 design units and 1 entities in project
    Info (12023): Found entity 1: DE1_SOC File: /home/quartus/Projects/Brew/VGABrew/DE1_SOC.v Line: 6
Info (12127): Elaborating entity "DE1_SOC" for the top level hierarchy
Warning (10034): Output port "DRAM_ADDR" at DE1_SOC.v(29) has no driver File: /home/quartus/Projects/Brew/VGABrew/DE1_SOC.v Line: 29
Warning (10034): Output port "DRAM_BA" at DE1_SOC.v(30) has no driver File: /home/quartus/Projects/Brew/VGABrew/DE1_SOC.v Line: 30
Warning (10034): Output port "HEX0" at DE1_SOC.v(46) has no driver File: /home/quartus/Projects/Brew/VGABrew/DE1_SOC.v Line: 46
Warning (10034): Output port "HEX1" at DE1_SOC.v(47) has no driver File: /home/quartus/Projects/Brew/VGABrew/DE1_SOC.v Line: 47
Warning (10034): Output port "HEX2" at DE1_SOC.v(48) has no driver File: /home/quartus/Projects/Brew/VGABrew/DE1_SOC.v Line: 48
Warning (10034): Output port "HEX3" at DE1_SOC.v(49) has no driver File: /home/quartus/Projects/Brew/VGABrew/DE1_SOC.v Line: 49
Warning (10034): Output port "HEX4" at DE1_SOC.v(50) has no driver File: /home/quartus/Projects/Brew/VGABrew/DE1_SOC.v Line: 50
Warning (10034): Output port "HEX5" at DE1_SOC.v(51) has no driver File: /home/quartus/Projects/Brew/VGABrew/DE1_SOC.v Line: 51
Warning (10034): Output port "LEDR" at DE1_SOC.v(61) has no driver File: /home/quartus/Projects/Brew/VGABrew/DE1_SOC.v Line: 61
Warning (10034): Output port "ADC_DIN" at DE1_SOC.v(10) has no driver File: /home/quartus/Projects/Brew/VGABrew/DE1_SOC.v Line: 10
Warning (10034): Output port "ADC_SCLK" at DE1_SOC.v(12) has no driver File: /home/quartus/Projects/Brew/VGABrew/DE1_SOC.v Line: 12
Warning (10034): Output port "AUD_DACDAT" at DE1_SOC.v(18) has no driver File: /home/quartus/Projects/Brew/VGABrew/DE1_SOC.v Line: 18
Warning (10034): Output port "AUD_XCK" at DE1_SOC.v(20) has no driver File: /home/quartus/Projects/Brew/VGABrew/DE1_SOC.v Line: 20
Warning (10034): Output port "DRAM_CAS_N" at DE1_SOC.v(31) has no driver File: /home/quartus/Projects/Brew/VGABrew/DE1_SOC.v Line: 31
Warning (10034): Output port "DRAM_CKE" at DE1_SOC.v(32) has no driver File: /home/quartus/Projects/Brew/VGABrew/DE1_SOC.v Line: 32
Warning (10034): Output port "DRAM_CLK" at DE1_SOC.v(33) has no driver File: /home/quartus/Projects/Brew/VGABrew/DE1_SOC.v Line: 33
Warning (10034): Output port "DRAM_CS_N" at DE1_SOC.v(34) has no driver File: /home/quartus/Projects/Brew/VGABrew/DE1_SOC.v Line: 34
Warning (10034): Output port "DRAM_LDQM" at DE1_SOC.v(36) has no driver File: /home/quartus/Projects/Brew/VGABrew/DE1_SOC.v Line: 36
Warning (10034): Output port "DRAM_RAS_N" at DE1_SOC.v(37) has no driver File: /home/quartus/Projects/Brew/VGABrew/DE1_SOC.v Line: 37
Warning (10034): Output port "DRAM_UDQM" at DE1_SOC.v(38) has no driver File: /home/quartus/Projects/Brew/VGABrew/DE1_SOC.v Line: 38
Warning (10034): Output port "DRAM_WE_N" at DE1_SOC.v(39) has no driver File: /home/quartus/Projects/Brew/VGABrew/DE1_SOC.v Line: 39
Warning (10034): Output port "FPGA_I2C_SCLK" at DE1_SOC.v(42) has no driver File: /home/quartus/Projects/Brew/VGABrew/DE1_SOC.v Line: 42
Warning (10034): Output port "IRDA_TXD" at DE1_SOC.v(55) has no driver File: /home/quartus/Projects/Brew/VGABrew/DE1_SOC.v Line: 55
Warning (10034): Output port "TD_RESET_N" at DE1_SOC.v(76) has no driver File: /home/quartus/Projects/Brew/VGABrew/DE1_SOC.v Line: 76
Warning (10034): Output port "VGA_SYNC_N" at DE1_SOC.v(86) has no driver File: /home/quartus/Projects/Brew/VGABrew/DE1_SOC.v Line: 86
Info (12128): Elaborating entity "VGA27PLL" for hierarchy "VGA27PLL:c0" File: /home/quartus/Projects/Brew/VGABrew/DE1_SOC.v Line: 129
Info (12128): Elaborating entity "VGA27PLL_0002" for hierarchy "VGA27PLL:c0|VGA27PLL_0002:vga27pll_inst" File: /home/quartus/Projects/Brew/VGABrew/VGA27PLL.v Line: 19
Info (12128): Elaborating entity "altera_pll" for hierarchy "VGA27PLL:c0|VGA27PLL_0002:vga27pll_inst|altera_pll:altera_pll_i" File: /home/quartus/Projects/Brew/VGABrew/VGA27PLL/VGA27PLL_0002.v Line: 85
Info (10008): Verilog HDL or VHDL information: EDA Netlist Writer cannot regroup multidimensional array "wire_to_nowhere_64" into its bus
Info (12130): Elaborated megafunction instantiation "VGA27PLL:c0|VGA27PLL_0002:vga27pll_inst|altera_pll:altera_pll_i" File: /home/quartus/Projects/Brew/VGABrew/VGA27PLL/VGA27PLL_0002.v Line: 85
Info (12133): Instantiated megafunction "VGA27PLL:c0|VGA27PLL_0002:vga27pll_inst|altera_pll:altera_pll_i" with the following parameter: File: /home/quartus/Projects/Brew/VGABrew/VGA27PLL/VGA27PLL_0002.v Line: 85
    Info (12134): Parameter "fractional_vco_multiplier" = "false"
    Info (12134): Parameter "reference_clock_frequency" = "50.0 MHz"
    Info (12134): Parameter "operation_mode" = "direct"
    Info (12134): Parameter "number_of_clocks" = "1"
    Info (12134): Parameter "output_clock_frequency0" = "27.000000 MHz"
    Info (12134): Parameter "phase_shift0" = "0 ps"
    Info (12134): Parameter "duty_cycle0" = "50"
    Info (12134): Parameter "output_clock_frequency1" = "0 MHz"
    Info (12134): Parameter "phase_shift1" = "0 ps"
    Info (12134): Parameter "duty_cycle1" = "50"
    Info (12134): Parameter "output_clock_frequency2" = "0 MHz"
    Info (12134): Parameter "phase_shift2" = "0 ps"
    Info (12134): Parameter "duty_cycle2" = "50"
    Info (12134): Parameter "output_clock_frequency3" = "0 MHz"
    Info (12134): Parameter "phase_shift3" = "0 ps"
    Info (12134): Parameter "duty_cycle3" = "50"
    Info (12134): Parameter "output_clock_frequency4" = "0 MHz"
    Info (12134): Parameter "phase_shift4" = "0 ps"
    Info (12134): Parameter "duty_cycle4" = "50"
    Info (12134): Parameter "output_clock_frequency5" = "0 MHz"
    Info (12134): Parameter "phase_shift5" = "0 ps"
    Info (12134): Parameter "duty_cycle5" = "50"
    Info (12134): Parameter "output_clock_frequency6" = "0 MHz"
    Info (12134): Parameter "phase_shift6" = "0 ps"
    Info (12134): Parameter "duty_cycle6" = "50"
    Info (12134): Parameter "output_clock_frequency7" = "0 MHz"
    Info (12134): Parameter "phase_shift7" = "0 ps"
    Info (12134): Parameter "duty_cycle7" = "50"
    Info (12134): Parameter "output_clock_frequency8" = "0 MHz"
    Info (12134): Parameter "phase_shift8" = "0 ps"
    Info (12134): Parameter "duty_cycle8" = "50"
    Info (12134): Parameter "output_clock_frequency9" = "0 MHz"
    Info (12134): Parameter "phase_shift9" = "0 ps"
    Info (12134): Parameter "duty_cycle9" = "50"
    Info (12134): Parameter "output_clock_frequency10" = "0 MHz"
    Info (12134): Parameter "phase_shift10" = "0 ps"
    Info (12134): Parameter "duty_cycle10" = "50"
    Info (12134): Parameter "output_clock_frequency11" = "0 MHz"
    Info (12134): Parameter "phase_shift11" = "0 ps"
    Info (12134): Parameter "duty_cycle11" = "50"
    Info (12134): Parameter "output_clock_frequency12" = "0 MHz"
    Info (12134): Parameter "phase_shift12" = "0 ps"
    Info (12134): Parameter "duty_cycle12" = "50"
    Info (12134): Parameter "output_clock_frequency13" = "0 MHz"
    Info (12134): Parameter "phase_shift13" = "0 ps"
    Info (12134): Parameter "duty_cycle13" = "50"
    Info (12134): Parameter "output_clock_frequency14" = "0 MHz"
    Info (12134): Parameter "phase_shift14" = "0 ps"
    Info (12134): Parameter "duty_cycle14" = "50"
    Info (12134): Parameter "output_clock_frequency15" = "0 MHz"
    Info (12134): Parameter "phase_shift15" = "0 ps"
    Info (12134): Parameter "duty_cycle15" = "50"
    Info (12134): Parameter "output_clock_frequency16" = "0 MHz"
    Info (12134): Parameter "phase_shift16" = "0 ps"
    Info (12134): Parameter "duty_cycle16" = "50"
    Info (12134): Parameter "output_clock_frequency17" = "0 MHz"
    Info (12134): Parameter "phase_shift17" = "0 ps"
    Info (12134): Parameter "duty_cycle17" = "50"
    Info (12134): Parameter "pll_type" = "General"
    Info (12134): Parameter "pll_subtype" = "General"
Info (12128): Elaborating entity "ColorScheme" for hierarchy "ColorScheme:col0" File: /home/quartus/Projects/Brew/VGABrew/DE1_SOC.v Line: 139
Info (12128): Elaborating entity "Serializer" for hierarchy "Serializer:ser0" File: /home/quartus/Projects/Brew/VGABrew/DE1_SOC.v Line: 147
Info (12128): Elaborating entity "font_rom_8x8" for hierarchy "font_rom_8x8:fon0" File: /home/quartus/Projects/Brew/VGABrew/DE1_SOC.v Line: 154
Info (12128): Elaborating entity "Rom_80Chars" for hierarchy "Rom_80Chars:rr0" File: /home/quartus/Projects/Brew/VGABrew/DE1_SOC.v Line: 160
Info (12128): Elaborating entity "vga_driver" for hierarchy "vga_driver:v0" File: /home/quartus/Projects/Brew/VGABrew/DE1_SOC.v Line: 169
Warning (12241): 1 hierarchies have connectivity warnings - see the Connectivity Checks report folder
Warning (13039): The following bidirectional pins have no drivers
    Warning (13040): bidirectional pin "ADC_CS_N" has no driver File: /home/quartus/Projects/Brew/VGABrew/DE1_SOC.v Line: 9
    Warning (13040): bidirectional pin "AUD_ADCLRCK" has no driver File: /home/quartus/Projects/Brew/VGABrew/DE1_SOC.v Line: 16
    Warning (13040): bidirectional pin "AUD_BCLK" has no driver File: /home/quartus/Projects/Brew/VGABrew/DE1_SOC.v Line: 17
    Warning (13040): bidirectional pin "AUD_DACLRCK" has no driver File: /home/quartus/Projects/Brew/VGABrew/DE1_SOC.v Line: 19
    Warning (13040): bidirectional pin "DRAM_DQ[0]" has no driver File: /home/quartus/Projects/Brew/VGABrew/DE1_SOC.v Line: 35
    Warning (13040): bidirectional pin "DRAM_DQ[1]" has no driver File: /home/quartus/Projects/Brew/VGABrew/DE1_SOC.v Line: 35
    Warning (13040): bidirectional pin "DRAM_DQ[2]" has no driver File: /home/quartus/Projects/Brew/VGABrew/DE1_SOC.v Line: 35
    Warning (13040): bidirectional pin "DRAM_DQ[3]" has no driver File: /home/quartus/Projects/Brew/VGABrew/DE1_SOC.v Line: 35
    Warning (13040): bidirectional pin "DRAM_DQ[4]" has no driver File: /home/quartus/Projects/Brew/VGABrew/DE1_SOC.v Line: 35
    Warning (13040): bidirectional pin "DRAM_DQ[5]" has no driver File: /home/quartus/Projects/Brew/VGABrew/DE1_SOC.v Line: 35
    Warning (13040): bidirectional pin "DRAM_DQ[6]" has no driver File: /home/quartus/Projects/Brew/VGABrew/DE1_SOC.v Line: 35
    Warning (13040): bidirectional pin "DRAM_DQ[7]" has no driver File: /home/quartus/Projects/Brew/VGABrew/DE1_SOC.v Line: 35
    Warning (13040): bidirectional pin "DRAM_DQ[8]" has no driver File: /home/quartus/Projects/Brew/VGABrew/DE1_SOC.v Line: 35
    Warning (13040): bidirectional pin "DRAM_DQ[9]" has no driver File: /home/quartus/Projects/Brew/VGABrew/DE1_SOC.v Line: 35
    Warning (13040): bidirectional pin "DRAM_DQ[10]" has no driver File: /home/quartus/Projects/Brew/VGABrew/DE1_SOC.v Line: 35
    Warning (13040): bidirectional pin "DRAM_DQ[11]" has no driver File: /home/quartus/Projects/Brew/VGABrew/DE1_SOC.v Line: 35
    Warning (13040): bidirectional pin "DRAM_DQ[12]" has no driver File: /home/quartus/Projects/Brew/VGABrew/DE1_SOC.v Line: 35
    Warning (13040): bidirectional pin "DRAM_DQ[13]" has no driver File: /home/quartus/Projects/Brew/VGABrew/DE1_SOC.v Line: 35
    Warning (13040): bidirectional pin "DRAM_DQ[14]" has no driver File: /home/quartus/Projects/Brew/VGABrew/DE1_SOC.v Line: 35
    Warning (13040): bidirectional pin "DRAM_DQ[15]" has no driver File: /home/quartus/Projects/Brew/VGABrew/DE1_SOC.v Line: 35
    Warning (13040): bidirectional pin "FPGA_I2C_SDAT" has no driver File: /home/quartus/Projects/Brew/VGABrew/DE1_SOC.v Line: 43
    Warning (13040): bidirectional pin "PS2_CLK" has no driver File: /home/quartus/Projects/Brew/VGABrew/DE1_SOC.v Line: 64
    Warning (13040): bidirectional pin "PS2_CLK2" has no driver File: /home/quartus/Projects/Brew/VGABrew/DE1_SOC.v Line: 65
    Warning (13040): bidirectional pin "PS2_DAT" has no driver File: /home/quartus/Projects/Brew/VGABrew/DE1_SOC.v Line: 66
    Warning (13040): bidirectional pin "PS2_DAT2" has no driver File: /home/quartus/Projects/Brew/VGABrew/DE1_SOC.v Line: 67
Warning (13024): Output pins are stuck at VCC or GND
    Warning (13410): Pin "ADC_DIN" is stuck at GND File: /home/quartus/Projects/Brew/VGABrew/DE1_SOC.v Line: 10
    Warning (13410): Pin "ADC_SCLK" is stuck at GND File: /home/quartus/Projects/Brew/VGABrew/DE1_SOC.v Line: 12
    Warning (13410): Pin "AUD_DACDAT" is stuck at GND File: /home/quartus/Projects/Brew/VGABrew/DE1_SOC.v Line: 18
    Warning (13410): Pin "AUD_XCK" is stuck at GND File: /home/quartus/Projects/Brew/VGABrew/DE1_SOC.v Line: 20
    Warning (13410): Pin "DRAM_ADDR[0]" is stuck at GND File: /home/quartus/Projects/Brew/VGABrew/DE1_SOC.v Line: 29
    Warning (13410): Pin "DRAM_ADDR[1]" is stuck at GND File: /home/quartus/Projects/Brew/VGABrew/DE1_SOC.v Line: 29
    Warning (13410): Pin "DRAM_ADDR[2]" is stuck at GND File: /home/quartus/Projects/Brew/VGABrew/DE1_SOC.v Line: 29
    Warning (13410): Pin "DRAM_ADDR[3]" is stuck at GND File: /home/quartus/Projects/Brew/VGABrew/DE1_SOC.v Line: 29
    Warning (13410): Pin "DRAM_ADDR[4]" is stuck at GND File: /home/quartus/Projects/Brew/VGABrew/DE1_SOC.v Line: 29
    Warning (13410): Pin "DRAM_ADDR[5]" is stuck at GND File: /home/quartus/Projects/Brew/VGABrew/DE1_SOC.v Line: 29
    Warning (13410): Pin "DRAM_ADDR[6]" is stuck at GND File: /home/quartus/Projects/Brew/VGABrew/DE1_SOC.v Line: 29
    Warning (13410): Pin "DRAM_ADDR[7]" is stuck at GND File: /home/quartus/Projects/Brew/VGABrew/DE1_SOC.v Line: 29
    Warning (13410): Pin "DRAM_ADDR[8]" is stuck at GND File: /home/quartus/Projects/Brew/VGABrew/DE1_SOC.v Line: 29
    Warning (13410): Pin "DRAM_ADDR[9]" is stuck at GND File: /home/quartus/Projects/Brew/VGABrew/DE1_SOC.v Line: 29
    Warning (13410): Pin "DRAM_ADDR[10]" is stuck at GND File: /home/quartus/Projects/Brew/VGABrew/DE1_SOC.v Line: 29
    Warning (13410): Pin "DRAM_ADDR[11]" is stuck at GND File: /home/quartus/Projects/Brew/VGABrew/DE1_SOC.v Line: 29
    Warning (13410): Pin "DRAM_ADDR[12]" is stuck at GND File: /home/quartus/Projects/Brew/VGABrew/DE1_SOC.v Line: 29
    Warning (13410): Pin "DRAM_BA[0]" is stuck at GND File: /home/quartus/Projects/Brew/VGABrew/DE1_SOC.v Line: 30
    Warning (13410): Pin "DRAM_BA[1]" is stuck at GND File: /home/quartus/Projects/Brew/VGABrew/DE1_SOC.v Line: 30
    Warning (13410): Pin "DRAM_CAS_N" is stuck at GND File: /home/quartus/Projects/Brew/VGABrew/DE1_SOC.v Line: 31
    Warning (13410): Pin "DRAM_CKE" is stuck at GND File: /home/quartus/Projects/Brew/VGABrew/DE1_SOC.v Line: 32
    Warning (13410): Pin "DRAM_CLK" is stuck at GND File: /home/quartus/Projects/Brew/VGABrew/DE1_SOC.v Line: 33
    Warning (13410): Pin "DRAM_CS_N" is stuck at GND File: /home/quartus/Projects/Brew/VGABrew/DE1_SOC.v Line: 34
    Warning (13410): Pin "DRAM_LDQM" is stuck at GND File: /home/quartus/Projects/Brew/VGABrew/DE1_SOC.v Line: 36
    Warning (13410): Pin "DRAM_RAS_N" is stuck at GND File: /home/quartus/Projects/Brew/VGABrew/DE1_SOC.v Line: 37
    Warning (13410): Pin "DRAM_UDQM" is stuck at GND File: /home/quartus/Projects/Brew/VGABrew/DE1_SOC.v Line: 38
    Warning (13410): Pin "DRAM_WE_N" is stuck at GND File: /home/quartus/Projects/Brew/VGABrew/DE1_SOC.v Line: 39
    Warning (13410): Pin "FPGA_I2C_SCLK" is stuck at GND File: /home/quartus/Projects/Brew/VGABrew/DE1_SOC.v Line: 42
    Warning (13410): Pin "HEX0[0]" is stuck at GND File: /home/quartus/Projects/Brew/VGABrew/DE1_SOC.v Line: 46
    Warning (13410): Pin "HEX0[1]" is stuck at GND File: /home/quartus/Projects/Brew/VGABrew/DE1_SOC.v Line: 46
    Warning (13410): Pin "HEX0[2]" is stuck at GND File: /home/quartus/Projects/Brew/VGABrew/DE1_SOC.v Line: 46
    Warning (13410): Pin "HEX0[3]" is stuck at GND File: /home/quartus/Projects/Brew/VGABrew/DE1_SOC.v Line: 46
    Warning (13410): Pin "HEX0[4]" is stuck at GND File: /home/quartus/Projects/Brew/VGABrew/DE1_SOC.v Line: 46
    Warning (13410): Pin "HEX0[5]" is stuck at GND File: /home/quartus/Projects/Brew/VGABrew/DE1_SOC.v Line: 46
    Warning (13410): Pin "HEX0[6]" is stuck at GND File: /home/quartus/Projects/Brew/VGABrew/DE1_SOC.v Line: 46
    Warning (13410): Pin "HEX1[0]" is stuck at GND File: /home/quartus/Projects/Brew/VGABrew/DE1_SOC.v Line: 47
    Warning (13410): Pin "HEX1[1]" is stuck at GND File: /home/quartus/Projects/Brew/VGABrew/DE1_SOC.v Line: 47
    Warning (13410): Pin "HEX1[2]" is stuck at GND File: /home/quartus/Projects/Brew/VGABrew/DE1_SOC.v Line: 47
    Warning (13410): Pin "HEX1[3]" is stuck at GND File: /home/quartus/Projects/Brew/VGABrew/DE1_SOC.v Line: 47
    Warning (13410): Pin "HEX1[4]" is stuck at GND File: /home/quartus/Projects/Brew/VGABrew/DE1_SOC.v Line: 47
    Warning (13410): Pin "HEX1[5]" is stuck at GND File: /home/quartus/Projects/Brew/VGABrew/DE1_SOC.v Line: 47
    Warning (13410): Pin "HEX1[6]" is stuck at GND File: /home/quartus/Projects/Brew/VGABrew/DE1_SOC.v Line: 47
    Warning (13410): Pin "HEX2[0]" is stuck at GND File: /home/quartus/Projects/Brew/VGABrew/DE1_SOC.v Line: 48
    Warning (13410): Pin "HEX2[1]" is stuck at GND File: /home/quartus/Projects/Brew/VGABrew/DE1_SOC.v Line: 48
    Warning (13410): Pin "HEX2[2]" is stuck at GND File: /home/quartus/Projects/Brew/VGABrew/DE1_SOC.v Line: 48
    Warning (13410): Pin "HEX2[3]" is stuck at GND File: /home/quartus/Projects/Brew/VGABrew/DE1_SOC.v Line: 48
    Warning (13410): Pin "HEX2[4]" is stuck at GND File: /home/quartus/Projects/Brew/VGABrew/DE1_SOC.v Line: 48
    Warning (13410): Pin "HEX2[5]" is stuck at GND File: /home/quartus/Projects/Brew/VGABrew/DE1_SOC.v Line: 48
    Warning (13410): Pin "HEX2[6]" is stuck at GND File: /home/quartus/Projects/Brew/VGABrew/DE1_SOC.v Line: 48
    Warning (13410): Pin "HEX3[0]" is stuck at GND File: /home/quartus/Projects/Brew/VGABrew/DE1_SOC.v Line: 49
    Warning (13410): Pin "HEX3[1]" is stuck at GND File: /home/quartus/Projects/Brew/VGABrew/DE1_SOC.v Line: 49
    Warning (13410): Pin "HEX3[2]" is stuck at GND File: /home/quartus/Projects/Brew/VGABrew/DE1_SOC.v Line: 49
    Warning (13410): Pin "HEX3[3]" is stuck at GND File: /home/quartus/Projects/Brew/VGABrew/DE1_SOC.v Line: 49
    Warning (13410): Pin "HEX3[4]" is stuck at GND File: /home/quartus/Projects/Brew/VGABrew/DE1_SOC.v Line: 49
    Warning (13410): Pin "HEX3[5]" is stuck at GND File: /home/quartus/Projects/Brew/VGABrew/DE1_SOC.v Line: 49
    Warning (13410): Pin "HEX3[6]" is stuck at GND File: /home/quartus/Projects/Brew/VGABrew/DE1_SOC.v Line: 49
    Warning (13410): Pin "HEX4[0]" is stuck at GND File: /home/quartus/Projects/Brew/VGABrew/DE1_SOC.v Line: 50
    Warning (13410): Pin "HEX4[1]" is stuck at GND File: /home/quartus/Projects/Brew/VGABrew/DE1_SOC.v Line: 50
    Warning (13410): Pin "HEX4[2]" is stuck at GND File: /home/quartus/Projects/Brew/VGABrew/DE1_SOC.v Line: 50
    Warning (13410): Pin "HEX4[3]" is stuck at GND File: /home/quartus/Projects/Brew/VGABrew/DE1_SOC.v Line: 50
    Warning (13410): Pin "HEX4[4]" is stuck at GND File: /home/quartus/Projects/Brew/VGABrew/DE1_SOC.v Line: 50
    Warning (13410): Pin "HEX4[5]" is stuck at GND File: /home/quartus/Projects/Brew/VGABrew/DE1_SOC.v Line: 50
    Warning (13410): Pin "HEX4[6]" is stuck at GND File: /home/quartus/Projects/Brew/VGABrew/DE1_SOC.v Line: 50
    Warning (13410): Pin "HEX5[0]" is stuck at GND File: /home/quartus/Projects/Brew/VGABrew/DE1_SOC.v Line: 51
    Warning (13410): Pin "HEX5[1]" is stuck at GND File: /home/quartus/Projects/Brew/VGABrew/DE1_SOC.v Line: 51
    Warning (13410): Pin "HEX5[2]" is stuck at GND File: /home/quartus/Projects/Brew/VGABrew/DE1_SOC.v Line: 51
    Warning (13410): Pin "HEX5[3]" is stuck at GND File: /home/quartus/Projects/Brew/VGABrew/DE1_SOC.v Line: 51
    Warning (13410): Pin "HEX5[4]" is stuck at GND File: /home/quartus/Projects/Brew/VGABrew/DE1_SOC.v Line: 51
    Warning (13410): Pin "HEX5[5]" is stuck at GND File: /home/quartus/Projects/Brew/VGABrew/DE1_SOC.v Line: 51
    Warning (13410): Pin "HEX5[6]" is stuck at GND File: /home/quartus/Projects/Brew/VGABrew/DE1_SOC.v Line: 51
    Warning (13410): Pin "IRDA_TXD" is stuck at GND File: /home/quartus/Projects/Brew/VGABrew/DE1_SOC.v Line: 55
    Warning (13410): Pin "LEDR[0]" is stuck at GND File: /home/quartus/Projects/Brew/VGABrew/DE1_SOC.v Line: 61
    Warning (13410): Pin "LEDR[1]" is stuck at GND File: /home/quartus/Projects/Brew/VGABrew/DE1_SOC.v Line: 61
    Warning (13410): Pin "LEDR[2]" is stuck at GND File: /home/quartus/Projects/Brew/VGABrew/DE1_SOC.v Line: 61
    Warning (13410): Pin "LEDR[3]" is stuck at GND File: /home/quartus/Projects/Brew/VGABrew/DE1_SOC.v Line: 61
    Warning (13410): Pin "LEDR[4]" is stuck at GND File: /home/quartus/Projects/Brew/VGABrew/DE1_SOC.v Line: 61
    Warning (13410): Pin "LEDR[5]" is stuck at GND File: /home/quartus/Projects/Brew/VGABrew/DE1_SOC.v Line: 61
    Warning (13410): Pin "LEDR[6]" is stuck at GND File: /home/quartus/Projects/Brew/VGABrew/DE1_SOC.v Line: 61
    Warning (13410): Pin "LEDR[7]" is stuck at GND File: /home/quartus/Projects/Brew/VGABrew/DE1_SOC.v Line: 61
    Warning (13410): Pin "LEDR[8]" is stuck at GND File: /home/quartus/Projects/Brew/VGABrew/DE1_SOC.v Line: 61
    Warning (13410): Pin "LEDR[9]" is stuck at GND File: /home/quartus/Projects/Brew/VGABrew/DE1_SOC.v Line: 61
    Warning (13410): Pin "TD_RESET_N" is stuck at GND File: /home/quartus/Projects/Brew/VGABrew/DE1_SOC.v Line: 76
    Warning (13410): Pin "VGA_B[0]" is stuck at GND File: /home/quartus/Projects/Brew/VGABrew/DE1_SOC.v Line: 80
    Warning (13410): Pin "VGA_B[3]" is stuck at GND File: /home/quartus/Projects/Brew/VGABrew/DE1_SOC.v Line: 80
    Warning (13410): Pin "VGA_B[4]" is stuck at GND File: /home/quartus/Projects/Brew/VGABrew/DE1_SOC.v Line: 80
    Warning (13410): Pin "VGA_B[5]" is stuck at VCC File: /home/quartus/Projects/Brew/VGABrew/DE1_SOC.v Line: 80
    Warning (13410): Pin "VGA_B[6]" is stuck at VCC File: /home/quartus/Projects/Brew/VGABrew/DE1_SOC.v Line: 80
    Warning (13410): Pin "VGA_G[0]" is stuck at GND File: /home/quartus/Projects/Brew/VGABrew/DE1_SOC.v Line: 83
    Warning (13410): Pin "VGA_G[1]" is stuck at GND File: /home/quartus/Projects/Brew/VGABrew/DE1_SOC.v Line: 83
    Warning (13410): Pin "VGA_G[2]" is stuck at GND File: /home/quartus/Projects/Brew/VGABrew/DE1_SOC.v Line: 83
    Warning (13410): Pin "VGA_G[3]" is stuck at GND File: /home/quartus/Projects/Brew/VGABrew/DE1_SOC.v Line: 83
    Warning (13410): Pin "VGA_G[4]" is stuck at GND File: /home/quartus/Projects/Brew/VGABrew/DE1_SOC.v Line: 83
    Warning (13410): Pin "VGA_R[0]" is stuck at GND File: /home/quartus/Projects/Brew/VGABrew/DE1_SOC.v Line: 85
    Warning (13410): Pin "VGA_R[1]" is stuck at GND File: /home/quartus/Projects/Brew/VGABrew/DE1_SOC.v Line: 85
    Warning (13410): Pin "VGA_R[2]" is stuck at GND File: /home/quartus/Projects/Brew/VGABrew/DE1_SOC.v Line: 85
    Warning (13410): Pin "VGA_R[3]" is stuck at GND File: /home/quartus/Projects/Brew/VGABrew/DE1_SOC.v Line: 85
    Warning (13410): Pin "VGA_R[4]" is stuck at GND File: /home/quartus/Projects/Brew/VGABrew/DE1_SOC.v Line: 85
    Warning (13410): Pin "VGA_SYNC_N" is stuck at GND File: /home/quartus/Projects/Brew/VGABrew/DE1_SOC.v Line: 86
Info (286030): Timing-Driven Synthesis is running
Info (17049): 10 registers lost all their fanouts during netlist optimizations.
Info (16010): Generating hard_block partition "hard_block:auto_generated_inst"
    Info (16011): Adding 7 node(s), including 0 DDIO, 1 PLL, 0 transceiver and 0 LCELL
Warning (21074): Design contains 30 input pin(s) that do not drive logic
    Warning (15610): No output dependent on input pin "ADC_DOUT" File: /home/quartus/Projects/Brew/VGABrew/DE1_SOC.v Line: 11
    Warning (15610): No output dependent on input pin "AUD_ADCDAT" File: /home/quartus/Projects/Brew/VGABrew/DE1_SOC.v Line: 15
    Warning (15610): No output dependent on input pin "CLOCK2_50" File: /home/quartus/Projects/Brew/VGABrew/DE1_SOC.v Line: 24
    Warning (15610): No output dependent on input pin "CLOCK3_50" File: /home/quartus/Projects/Brew/VGABrew/DE1_SOC.v Line: 25
    Warning (15610): No output dependent on input pin "CLOCK4_50" File: /home/quartus/Projects/Brew/VGABrew/DE1_SOC.v Line: 26
    Warning (15610): No output dependent on input pin "IRDA_RXD" File: /home/quartus/Projects/Brew/VGABrew/DE1_SOC.v Line: 54
    Warning (15610): No output dependent on input pin "KEY[1]" File: /home/quartus/Projects/Brew/VGABrew/DE1_SOC.v Line: 58
    Warning (15610): No output dependent on input pin "KEY[2]" File: /home/quartus/Projects/Brew/VGABrew/DE1_SOC.v Line: 58
    Warning (15610): No output dependent on input pin "KEY[3]" File: /home/quartus/Projects/Brew/VGABrew/DE1_SOC.v Line: 58
    Warning (15610): No output dependent on input pin "SW[0]" File: /home/quartus/Projects/Brew/VGABrew/DE1_SOC.v Line: 70
    Warning (15610): No output dependent on input pin "SW[1]" File: /home/quartus/Projects/Brew/VGABrew/DE1_SOC.v Line: 70
    Warning (15610): No output dependent on input pin "SW[2]" File: /home/quartus/Projects/Brew/VGABrew/DE1_SOC.v Line: 70
    Warning (15610): No output dependent on input pin "SW[3]" File: /home/quartus/Projects/Brew/VGABrew/DE1_SOC.v Line: 70
    Warning (15610): No output dependent on input pin "SW[4]" File: /home/quartus/Projects/Brew/VGABrew/DE1_SOC.v Line: 70
    Warning (15610): No output dependent on input pin "SW[5]" File: /home/quartus/Projects/Brew/VGABrew/DE1_SOC.v Line: 70
    Warning (15610): No output dependent on input pin "SW[6]" File: /home/quartus/Projects/Brew/VGABrew/DE1_SOC.v Line: 70
    Warning (15610): No output dependent on input pin "SW[7]" File: /home/quartus/Projects/Brew/VGABrew/DE1_SOC.v Line: 70
    Warning (15610): No output dependent on input pin "SW[8]" File: /home/quartus/Projects/Brew/VGABrew/DE1_SOC.v Line: 70
    Warning (15610): No output dependent on input pin "SW[9]" File: /home/quartus/Projects/Brew/VGABrew/DE1_SOC.v Line: 70
    Warning (15610): No output dependent on input pin "TD_CLK27" File: /home/quartus/Projects/Brew/VGABrew/DE1_SOC.v Line: 73
    Warning (15610): No output dependent on input pin "TD_DATA[0]" File: /home/quartus/Projects/Brew/VGABrew/DE1_SOC.v Line: 74
    Warning (15610): No output dependent on input pin "TD_DATA[1]" File: /home/quartus/Projects/Brew/VGABrew/DE1_SOC.v Line: 74
    Warning (15610): No output dependent on input pin "TD_DATA[2]" File: /home/quartus/Projects/Brew/VGABrew/DE1_SOC.v Line: 74
    Warning (15610): No output dependent on input pin "TD_DATA[3]" File: /home/quartus/Projects/Brew/VGABrew/DE1_SOC.v Line: 74
    Warning (15610): No output dependent on input pin "TD_DATA[4]" File: /home/quartus/Projects/Brew/VGABrew/DE1_SOC.v Line: 74
    Warning (15610): No output dependent on input pin "TD_DATA[5]" File: /home/quartus/Projects/Brew/VGABrew/DE1_SOC.v Line: 74
    Warning (15610): No output dependent on input pin "TD_DATA[6]" File: /home/quartus/Projects/Brew/VGABrew/DE1_SOC.v Line: 74
    Warning (15610): No output dependent on input pin "TD_DATA[7]" File: /home/quartus/Projects/Brew/VGABrew/DE1_SOC.v Line: 74
    Warning (15610): No output dependent on input pin "TD_HS" File: /home/quartus/Projects/Brew/VGABrew/DE1_SOC.v Line: 75
    Warning (15610): No output dependent on input pin "TD_VS" File: /home/quartus/Projects/Brew/VGABrew/DE1_SOC.v Line: 77
Info (21057): Implemented 364 device resources after synthesis - the final resource count might be different
    Info (21058): Implemented 32 input pins
    Info (21059): Implemented 111 output pins
    Info (21060): Implemented 25 bidirectional pins
    Info (21061): Implemented 195 logic cells
    Info (21065): Implemented 1 PLLs
Info: Quartus Prime Analysis & Synthesis was successful. 0 errors, 186 warnings
    Info: Peak virtual memory: 1329 megabytes
    Info: Processing ended: Sun Feb 28 21:21:29 2016
    Info: Elapsed time: 00:00:34
    Info: Total CPU time (on all processors): 00:00:37


