MIF/HEX Update report for DE1_SOC
Sun Mar  6 17:23:32 2016
Quartus Prime Version 15.1.0 Build 185 10/21/2015 SJ Lite Edition


---------------------
; Table of Contents ;
---------------------
  1. Legal Notice
  2. MIF/HEX Update Summary
  3. MIF/HEX Update Processed Files
  4. MIF/HEX Update Messages



----------------
; Legal Notice ;
----------------
Copyright (C) 1991-2015 Altera Corporation. All rights reserved.
Your use of Altera Corporation's design tools, logic functions 
and other software and tools, and its AMPP partner logic 
functions, and any output files from any of the foregoing 
(including device programming or simulation files), and any 
associated documentation or information are expressly subject 
to the terms and conditions of the Altera Program License 
Subscription Agreement, the Altera Quartus Prime License Agreement,
the Altera MegaCore Function License Agreement, or other 
applicable license agreement, including, without limitation, 
that your use is for the sole purpose of programming logic 
devices manufactured by Altera and sold by Altera or its 
authorized distributors.  Please refer to the applicable 
agreement for further details.



+---------------------------------------------------------------+
; MIF/HEX Update Summary                                        ;
+-----------------------+---------------------------------------+
; MIF/HEX Update Status ; Successful - Sun Mar  6 17:23:32 2016 ;
; Revision Name         ; DE1_SOC                               ;
; Top-level Entity Name ; DE1_SOC                               ;
; Family                ; Cyclone V                             ;
; Device                ; 5CSEMA5F31C6                          ;
+-----------------------+---------------------------------------+


+------------------------------------------------------+
; MIF/HEX Update Processed Files                       ;
+------------------------------------------------------+
; File Name                                            ;
+------------------------------------------------------+
; /home/quartus/Projects/Brew/VGABrew/Ascii splash.mif ;
+------------------------------------------------------+


+-------------------------+
; MIF/HEX Update Messages ;
+-------------------------+
Info: *******************************************************************
Info: Running Quartus Prime MIF/HEX Update
    Info: Version 15.1.0 Build 185 10/21/2015 SJ Lite Edition
    Info: Processing started: Sun Mar  6 17:23:27 2016
Info: Command: quartus_cdb DE1_SOC -c DE1_SOC --update_mif
Info (39024): Processed the following Memory Initialization File(s)
    Info (39025): Processed Memory Initialization File /home/quartus/Projects/Brew/VGABrew/Ascii splash.mif File: /home/quartus/Projects/Brew/VGABrew/Ascii splash.mif Line: 0
Info: Quartus Prime MIF/HEX Update was successful. 0 errors, 0 warnings
    Info: Peak virtual memory: 1596 megabytes
    Info: Processing ended: Sun Mar  6 17:23:32 2016
    Info: Elapsed time: 00:00:05
    Info: Total CPU time (on all processors): 00:00:05


